<?xml version="1.0" encoding="UTF-8"?>
<!-- Generated by org.testng.reporters.JUnitReportReporter -->
<testsuite hostname="CEDINTL907" failures="0" tests="8" name="tests.DBX634.CercaNDG" time="0.000" errors="0" timestamp="2024-07-17T11:53:01 EEST" skipped="8">
  <testcase classname="tests.DBX634.CercaNDG" name="cercaNDGfromDropDown" time="0.000">
    <skipped/>
  </testcase> <!-- cercaNDGfromDropDown -->
  <testcase classname="tests.DBX634.CercaNDG" name="cercaNDGfromDropDown" time="0.000">
    <skipped/>
  </testcase> <!-- cercaNDGfromDropDown -->
  <testcase classname="tests.DBX634.CercaNDG" name="cercaNDGfromDropDown" time="0.000">
    <skipped/>
  </testcase> <!-- cercaNDGfromDropDown -->
  <testcase classname="tests.DBX634.CercaNDG" name="cercaNDGfromDropDown" time="0.000">
    <skipped/>
  </testcase> <!-- cercaNDGfromDropDown -->
  <testcase classname="tests.DBX634.CercaNDG" name="cercaNdg" time="0.000">
    <skipped/>
  </testcase> <!-- cercaNdg -->
  <testcase classname="tests.DBX634.CercaNDG" name="cercaNdg" time="0.000">
    <skipped/>
  </testcase> <!-- cercaNdg -->
  <testcase classname="tests.DBX634.CercaNDG" name="cercaNdg" time="0.000">
    <skipped/>
  </testcase> <!-- cercaNdg -->
  <testcase classname="tests.DBX634.CercaNDG" name="cercaNdg" time="0.000">
    <skipped/>
  </testcase> <!-- cercaNdg -->
</testsuite> <!-- tests.DBX634.CercaNDG -->
